0 info it worked if it ends with ok
1 verbose cli [ '/Users/toonbertier/.nvm/versions/node/v4.1.1/bin/node',
1 verbose cli   '/Users/toonbertier/.nvm/versions/node/v4.1.1/bin/npm',
1 verbose cli   'start' ]
2 info using npm@3.3.4
3 info using node@v4.1.1
4 verbose run-script [ 'prestart', 'start', 'poststart' ]
5 info lifecycle immersive@1.0.0~prestart: immersive@1.0.0
6 silly lifecycle immersive@1.0.0~prestart: no script for prestart, continuing
7 info lifecycle immersive@1.0.0~start: immersive@1.0.0
8 verbose lifecycle immersive@1.0.0~start: unsafe-perm in lifecycle true
9 verbose lifecycle immersive@1.0.0~start: PATH: /Users/toonbertier/.nvm/versions/node/v4.1.1/lib/node_modules/npm/bin/node-gyp-bin:/Users/toonbertier/Google Drive/Devine/EXD/opdracht/immersive/node_modules/.bin:/Library/Frameworks/Python.framework/Versions/2.7/bin:/Users/toonbertier/.nvm/versions/node/v4.1.1/bin:/usr/local/bin:/usr/bin:/bin:/usr/sbin:/sbin:/Users/toonbertier/.rvm/bin
10 verbose lifecycle immersive@1.0.0~start: CWD: /Users/toonbertier/Google Drive/Devine/EXD/opdracht/immersive
11 silly lifecycle immersive@1.0.0~start: Args: [ '-c', 'electron main.js' ]
12 silly lifecycle immersive@1.0.0~start: Returned: code: 7  signal: null
13 info lifecycle immersive@1.0.0~start: Failed to exec start script
14 verbose stack Error: immersive@1.0.0 start: `electron main.js`
14 verbose stack Exit status 7
14 verbose stack     at EventEmitter.<anonymous> (/Users/toonbertier/.nvm/versions/node/v4.1.1/lib/node_modules/npm/lib/utils/lifecycle.js:233:16)
14 verbose stack     at emitTwo (events.js:87:13)
14 verbose stack     at EventEmitter.emit (events.js:172:7)
14 verbose stack     at ChildProcess.<anonymous> (/Users/toonbertier/.nvm/versions/node/v4.1.1/lib/node_modules/npm/lib/utils/spawn.js:24:14)
14 verbose stack     at emitTwo (events.js:87:13)
14 verbose stack     at ChildProcess.emit (events.js:172:7)
14 verbose stack     at maybeClose (internal/child_process.js:817:16)
14 verbose stack     at Process.ChildProcess._handle.onexit (internal/child_process.js:211:5)
15 verbose pkgid immersive@1.0.0
16 verbose cwd /Users/toonbertier/Google Drive/Devine/EXD/opdracht/immersive
17 error Darwin 14.5.0
18 error argv "/Users/toonbertier/.nvm/versions/node/v4.1.1/bin/node" "/Users/toonbertier/.nvm/versions/node/v4.1.1/bin/npm" "start"
19 error node v4.1.1
20 error npm  v3.3.4
21 error code ELIFECYCLE
22 error immersive@1.0.0 start: `electron main.js`
22 error Exit status 7
23 error Failed at the immersive@1.0.0 start script 'electron main.js'.
23 error This is most likely a problem with the immersive package,
23 error not with npm itself.
23 error Tell the author that this fails on your system:
23 error     electron main.js
23 error You can get their info via:
23 error     npm owner ls immersive
23 error There is likely additional logging output above.
24 verbose exit [ 1, true ]
